<?xml version="1.0" encoding="UTF-8"?>
<!-- Generated by org.testng.reporters.JUnitReportReporter -->
<testsuite hostname="Manikandan-Ramesh.local" failures="0" tests="1" name="Sample.HelloWorld" time="0.019" errors="0" timestamp="2021-02-22T23:34:29 IST" skipped="0">
  <testcase classname="Sample.HelloWorld" name="PrintHello" time="0.019"/>
</testsuite> <!-- Sample.HelloWorld -->
